2019-03-27 08:30:05,595 CRIT Supervisor running as root (no user in config file)
2019-03-27 08:30:05,596 INFO Included extra file "/etc/supervisor/conf.d/supervisord.conf" during parsing
2019-03-27 08:30:05,641 INFO RPC interface 'supervisor' initialized
2019-03-27 08:30:05,641 CRIT Server 'unix_http_server' running without any HTTP authentication checking
2019-03-27 08:30:05,643 INFO supervisord started with pid 1
2019-03-27 08:30:06,654 INFO spawned: 'varnishd' with pid 15
2019-03-27 08:30:06,660 INFO spawned: 'php-fpm' with pid 16
2019-03-27 08:30:06,670 INFO spawned: 'varnish-plugins-watcher' with pid 17
2019-03-27 08:30:06,704 INFO spawned: 'nginx' with pid 18
2019-03-27 08:30:06,740 INFO spawned: 'MailHog' with pid 19
2019-03-27 08:30:06,769 INFO spawned: 'mysql' with pid 20
2019-03-27 08:30:06,799 INFO spawned: 'varnish-themes-watcher' with pid 22
2019-03-27 08:30:07,718 INFO success: varnishd entered RUNNING state, process has stayed up for > than 1 seconds (startsecs)
2019-03-27 08:30:07,718 INFO success: php-fpm entered RUNNING state, process has stayed up for > than 1 seconds (startsecs)
2019-03-27 08:30:07,718 INFO success: varnish-plugins-watcher entered RUNNING state, process has stayed up for > than 1 seconds (startsecs)
2019-03-27 08:30:07,718 INFO success: nginx entered RUNNING state, process has stayed up for > than 1 seconds (startsecs)
2019-03-27 08:30:07,718 INFO success: MailHog entered RUNNING state, process has stayed up for > than 1 seconds (startsecs)
2019-03-27 08:30:08,730 INFO success: mysql entered RUNNING state, process has stayed up for > than 1 seconds (startsecs)
2019-03-27 08:30:08,730 INFO success: varnish-themes-watcher entered RUNNING state, process has stayed up for > than 1 seconds (startsecs)
2019-03-27 10:10:12,531 WARN received SIGTERM indicating exit request
2019-03-27 10:10:12,532 INFO waiting for varnishd, php-fpm, varnish-plugins-watcher, nginx, MailHog, mysql, varnish-themes-watcher to die
2019-03-27 10:10:13,534 INFO stopped: varnish-themes-watcher (terminated by SIGTERM)
2019-03-27 10:10:13,577 INFO stopped: mysql (exit status 0)
2019-03-27 10:10:13,581 INFO stopped: MailHog (terminated by SIGTERM)
2019-03-27 10:10:13,585 INFO stopped: nginx (exit status 0)
2019-03-27 10:10:14,007 INFO stopped: varnish-plugins-watcher (terminated by SIGTERM)
2019-03-27 10:10:14,007 INFO reaped unknown pid 4107
2019-03-27 10:10:14,008 INFO reaped unknown pid 4108
2019-03-27 10:10:14,024 INFO stopped: php-fpm (exit status 0)
2019-03-27 10:10:15,251 INFO stopped: varnishd (exit status 0)
2019-03-27 15:50:14,044 CRIT Supervisor running as root (no user in config file)
2019-03-27 15:50:14,057 INFO Included extra file "/etc/supervisor/conf.d/supervisord.conf" during parsing
2019-03-27 15:50:14,122 INFO RPC interface 'supervisor' initialized
2019-03-27 15:50:14,125 CRIT Server 'unix_http_server' running without any HTTP authentication checking
2019-03-27 15:50:14,126 INFO supervisord started with pid 1
2019-03-27 15:50:15,143 INFO spawned: 'varnishd' with pid 55
2019-03-27 15:50:15,205 INFO spawned: 'php-fpm' with pid 56
2019-03-27 15:50:15,252 INFO spawned: 'varnish-plugins-watcher' with pid 57
2019-03-27 15:50:15,281 INFO spawned: 'nginx' with pid 58
2019-03-27 15:50:15,323 INFO spawned: 'MailHog' with pid 59
2019-03-27 15:50:15,370 INFO spawned: 'mysql' with pid 60
2019-03-27 15:50:15,394 INFO spawned: 'varnish-themes-watcher' with pid 61
2019-03-27 15:50:16,667 INFO success: varnishd entered RUNNING state, process has stayed up for > than 1 seconds (startsecs)
2019-03-27 15:50:16,667 INFO success: php-fpm entered RUNNING state, process has stayed up for > than 1 seconds (startsecs)
2019-03-27 15:50:16,668 INFO success: varnish-plugins-watcher entered RUNNING state, process has stayed up for > than 1 seconds (startsecs)
2019-03-27 15:50:16,668 INFO success: nginx entered RUNNING state, process has stayed up for > than 1 seconds (startsecs)
2019-03-27 15:50:16,668 INFO success: MailHog entered RUNNING state, process has stayed up for > than 1 seconds (startsecs)
2019-03-27 15:50:16,668 INFO success: mysql entered RUNNING state, process has stayed up for > than 1 seconds (startsecs)
2019-03-27 15:50:16,668 INFO success: varnish-themes-watcher entered RUNNING state, process has stayed up for > than 1 seconds (startsecs)
2019-03-27 18:12:22,020 WARN received SIGTERM indicating exit request
2019-03-27 18:12:22,023 INFO waiting for varnishd, php-fpm, varnish-plugins-watcher, nginx, MailHog, mysql, varnish-themes-watcher to die
2019-03-27 18:12:23,026 INFO stopped: varnish-themes-watcher (terminated by SIGTERM)
2019-03-27 18:12:23,050 INFO stopped: mysql (exit status 0)
2019-03-27 18:12:23,052 INFO stopped: MailHog (terminated by SIGTERM)
2019-03-27 18:12:23,057 INFO stopped: nginx (exit status 0)
2019-03-27 18:12:24,060 INFO stopped: varnish-plugins-watcher (terminated by SIGTERM)
2019-03-27 18:12:24,090 INFO stopped: php-fpm (exit status 0)
2019-03-27 18:12:24,156 INFO reaped unknown pid 7176
2019-03-27 18:12:24,592 INFO reaped unknown pid 7178
2019-03-27 18:12:25,099 INFO waiting for varnishd to die
2019-03-27 18:12:25,280 INFO stopped: varnishd (exit status 0)
2019-03-28 06:28:08,310 CRIT Supervisor running as root (no user in config file)
2019-03-28 06:28:08,311 INFO Included extra file "/etc/supervisor/conf.d/supervisord.conf" during parsing
2019-03-28 06:28:08,366 INFO RPC interface 'supervisor' initialized
2019-03-28 06:28:08,370 CRIT Server 'unix_http_server' running without any HTTP authentication checking
2019-03-28 06:28:08,371 INFO supervisord started with pid 1
2019-03-28 06:28:09,378 INFO spawned: 'varnishd' with pid 53
2019-03-28 06:28:09,386 INFO spawned: 'php-fpm' with pid 54
2019-03-28 06:28:09,394 INFO spawned: 'varnish-plugins-watcher' with pid 56
2019-03-28 06:28:09,436 INFO spawned: 'nginx' with pid 58
2019-03-28 06:28:09,465 INFO spawned: 'MailHog' with pid 59
2019-03-28 06:28:09,492 INFO spawned: 'mysql' with pid 60
2019-03-28 06:28:09,510 INFO spawned: 'varnish-themes-watcher' with pid 63
2019-03-28 06:28:10,722 INFO success: varnishd entered RUNNING state, process has stayed up for > than 1 seconds (startsecs)
2019-03-28 06:28:10,722 INFO success: php-fpm entered RUNNING state, process has stayed up for > than 1 seconds (startsecs)
2019-03-28 06:28:10,722 INFO success: varnish-plugins-watcher entered RUNNING state, process has stayed up for > than 1 seconds (startsecs)
2019-03-28 06:28:10,723 INFO success: nginx entered RUNNING state, process has stayed up for > than 1 seconds (startsecs)
2019-03-28 06:28:10,723 INFO success: MailHog entered RUNNING state, process has stayed up for > than 1 seconds (startsecs)
2019-03-28 06:28:10,723 INFO success: mysql entered RUNNING state, process has stayed up for > than 1 seconds (startsecs)
2019-03-28 06:28:10,724 INFO success: varnish-themes-watcher entered RUNNING state, process has stayed up for > than 1 seconds (startsecs)
